Classic Timing Analyzer report for 1BitReg_AmarnathPatel
Wed Nov 27 12:55:13 2024
Quartus II Version 9.1 Build 350 03/24/2010 Service Pack 2 SJ Web Edition


---------------------
; Table of Contents ;
---------------------
  1. Legal Notice
  2. Timing Analyzer Summary
  3. Timing Analyzer Settings
  4. Clock Settings Summary
  5. Parallel Compilation
  6. Clock Setup: 'clk'
  7. tsu
  8. tco
  9. th
 10. Timing Analyzer Messages



----------------
; Legal Notice ;
----------------
Copyright (C) 1991-2010 Altera Corporation
Your use of Altera Corporation's design tools, logic functions 
and other software and tools, and its AMPP partner logic 
functions, and any output files from any of the foregoing 
(including device programming or simulation files), and any 
associated documentation or information are expressly subject 
to the terms and conditions of the Altera Program License 
Subscription Agreement, Altera MegaCore Function License 
Agreement, or other applicable license agreement, including, 
without limitation, that your use is for the sole purpose of 
programming logic devices manufactured by Altera and sold by 
Altera or its authorized distributors.  Please refer to the 
applicable agreement for further details.



+------------------------------------------------------------------------------------------------------------------------------------------------------------------+
; Timing Analyzer Summary                                                                                                                                          ;
+------------------------------+-------+---------------+------------------------------------------------+---------+---------+------------+----------+--------------+
; Type                         ; Slack ; Required Time ; Actual Time                                    ; From    ; To      ; From Clock ; To Clock ; Failed Paths ;
+------------------------------+-------+---------------+------------------------------------------------+---------+---------+------------+----------+--------------+
; Worst-case tsu               ; N/A   ; None          ; 3.694 ns                                       ; load    ; dff_out ; --         ; clk      ; 0            ;
; Worst-case tco               ; N/A   ; None          ; 7.399 ns                                       ; dff_out ; q       ; clk        ; --       ; 0            ;
; Worst-case th                ; N/A   ; None          ; -2.624 ns                                      ; d       ; dff_out ; --         ; clk      ; 0            ;
; Clock Setup: 'clk'           ; N/A   ; None          ; Restricted to 500.00 MHz ( period = 2.000 ns ) ; dff_out ; dff_out ; clk        ; clk      ; 0            ;
; Total number of failed paths ;       ;               ;                                                ;         ;         ;            ;          ; 0            ;
+------------------------------+-------+---------------+------------------------------------------------+---------+---------+------------+----------+--------------+


+-----------------------------------------------------------------------------------------------------------------------------------------------------+
; Timing Analyzer Settings                                                                                                                            ;
+------------------------------------------------------------------------------------------------------+--------------------+------+----+-------------+
; Option                                                                                               ; Setting            ; From ; To ; Entity Name ;
+------------------------------------------------------------------------------------------------------+--------------------+------+----+-------------+
; Device Name                                                                                          ; EP2S15F484C3       ;      ;    ;             ;
; Timing Models                                                                                        ; Final              ;      ;    ;             ;
; Default hold multicycle                                                                              ; Same as Multicycle ;      ;    ;             ;
; Cut paths between unrelated clock domains                                                            ; On                 ;      ;    ;             ;
; Cut off read during write signal paths                                                               ; On                 ;      ;    ;             ;
; Cut off feedback from I/O pins                                                                       ; On                 ;      ;    ;             ;
; Report Combined Fast/Slow Timing                                                                     ; Off                ;      ;    ;             ;
; Ignore Clock Settings                                                                                ; Off                ;      ;    ;             ;
; Analyze latches as synchronous elements                                                              ; On                 ;      ;    ;             ;
; Enable Recovery/Removal analysis                                                                     ; Off                ;      ;    ;             ;
; Enable Clock Latency                                                                                 ; Off                ;      ;    ;             ;
; Use TimeQuest Timing Analyzer                                                                        ; Off                ;      ;    ;             ;
; Number of source nodes to report per destination node                                                ; 10                 ;      ;    ;             ;
; Number of destination nodes to report                                                                ; 10                 ;      ;    ;             ;
; Number of paths to report                                                                            ; 200                ;      ;    ;             ;
; Report Minimum Timing Checks                                                                         ; Off                ;      ;    ;             ;
; Use Fast Timing Models                                                                               ; Off                ;      ;    ;             ;
; Report IO Paths Separately                                                                           ; Off                ;      ;    ;             ;
; Perform Multicorner Analysis                                                                         ; On                 ;      ;    ;             ;
; Reports the worst-case path for each clock domain and analysis                                       ; Off                ;      ;    ;             ;
; Reports worst-case timing paths for each clock domain and analysis                                   ; Off                ;      ;    ;             ;
; Specifies the maximum number of worst-case timing paths to report for each clock domain and analysis ; 100                ;      ;    ;             ;
; Removes common clock path pessimism (CCPP) during slack computation                                  ; Off                ;      ;    ;             ;
; Output I/O Timing Endpoint                                                                           ; Near End           ;      ;    ;             ;
+------------------------------------------------------------------------------------------------------+--------------------+------+----+-------------+


+------------------------------------------------------------------------------------------------------------------------------------------------------------------------------------+
; Clock Settings Summary                                                                                                                                                             ;
+-----------------+--------------------+----------+------------------+---------------+--------------+----------+-----------------------+---------------------+--------+--------------+
; Clock Node Name ; Clock Setting Name ; Type     ; Fmax Requirement ; Early Latency ; Late Latency ; Based on ; Multiply Base Fmax by ; Divide Base Fmax by ; Offset ; Phase offset ;
+-----------------+--------------------+----------+------------------+---------------+--------------+----------+-----------------------+---------------------+--------+--------------+
; clk             ;                    ; User Pin ; None             ; 0.000 ns      ; 0.000 ns     ; --       ; N/A                   ; N/A                 ; N/A    ;              ;
+-----------------+--------------------+----------+------------------+---------------+--------------+----------+-----------------------+---------------------+--------+--------------+


Parallel compilation was disabled, but you have multiple processors available. Enable parallel compilation to reduce compilation time.
+-------------------------------------+
; Parallel Compilation                ;
+----------------------------+--------+
; Processors                 ; Number ;
+----------------------------+--------+
; Number detected on machine ; 16     ;
; Maximum allowed            ; 1      ;
+----------------------------+--------+


+----------------------------------------------------------------------------------------------------------------------------------------------------------------------------------------+
; Clock Setup: 'clk'                                                                                                                                                                     ;
+-------+------------------------------------------------+---------+---------+------------+----------+-----------------------------+---------------------------+-------------------------+
; Slack ; Actual fmax (period)                           ; From    ; To      ; From Clock ; To Clock ; Required Setup Relationship ; Required Longest P2P Time ; Actual Longest P2P Time ;
+-------+------------------------------------------------+---------+---------+------------+----------+-----------------------------+---------------------------+-------------------------+
; N/A   ; Restricted to 500.00 MHz ( period = 2.000 ns ) ; dff_out ; dff_out ; clk        ; clk      ; None                        ; None                      ; 0.396 ns                ;
+-------+------------------------------------------------+---------+---------+------------+----------+-----------------------------+---------------------------+-------------------------+


+---------------------------------------------------------------+
; tsu                                                           ;
+-------+--------------+------------+------+---------+----------+
; Slack ; Required tsu ; Actual tsu ; From ; To      ; To Clock ;
+-------+--------------+------------+------+---------+----------+
; N/A   ; None         ; 3.694 ns   ; load ; dff_out ; clk      ;
; N/A   ; None         ; 2.863 ns   ; d    ; dff_out ; clk      ;
+-------+--------------+------------+------+---------+----------+


+---------------------------------------------------------------+
; tco                                                           ;
+-------+--------------+------------+---------+----+------------+
; Slack ; Required tco ; Actual tco ; From    ; To ; From Clock ;
+-------+--------------+------------+---------+----+------------+
; N/A   ; None         ; 7.399 ns   ; dff_out ; q  ; clk        ;
+-------+--------------+------------+---------+----+------------+


+---------------------------------------------------------------------+
; th                                                                  ;
+---------------+-------------+-----------+------+---------+----------+
; Minimum Slack ; Required th ; Actual th ; From ; To      ; To Clock ;
+---------------+-------------+-----------+------+---------+----------+
; N/A           ; None        ; -2.624 ns ; d    ; dff_out ; clk      ;
; N/A           ; None        ; -3.455 ns ; load ; dff_out ; clk      ;
+---------------+-------------+-----------+------+---------+----------+


+--------------------------+
; Timing Analyzer Messages ;
+--------------------------+
Info: *******************************************************************
Info: Running Quartus II Classic Timing Analyzer
    Info: Version 9.1 Build 350 03/24/2010 Service Pack 2 SJ Web Edition
    Info: Processing started: Wed Nov 27 12:55:13 2024
Info: Command: quartus_tan --read_settings_files=off --write_settings_files=off 1BitReg_AmarnathPatel -c 1BitReg_AmarnathPatel --timing_analysis_only
Warning: Found pins functioning as undefined clocks and/or memory enables
    Info: Assuming node "clk" is an undefined clock
Info: Clock "clk" Internal fmax is restricted to 500.0 MHz between source register "dff_out" and destination register "dff_out"
    Info: fmax restricted to clock pin edge rate 2.0 ns. Expand message to see actual delay path.
        Info: + Longest register to register delay is 0.396 ns
            Info: 1: + IC(0.000 ns) + CELL(0.000 ns) = 0.000 ns; Loc. = LCFF_X6_Y3_N17; Fanout = 2; REG Node = 'dff_out'
            Info: 2: + IC(0.000 ns) + CELL(0.241 ns) = 0.241 ns; Loc. = LCCOMB_X6_Y3_N16; Fanout = 1; COMB Node = 'dff_out~0'
            Info: 3: + IC(0.000 ns) + CELL(0.155 ns) = 0.396 ns; Loc. = LCFF_X6_Y3_N17; Fanout = 2; REG Node = 'dff_out'
            Info: Total cell delay = 0.396 ns ( 100.00 % )
        Info: - Smallest clock skew is 0.000 ns
            Info: + Shortest clock path from clock "clk" to destination register is 2.306 ns
                Info: 1: + IC(0.000 ns) + CELL(0.807 ns) = 0.807 ns; Loc. = PIN_R14; Fanout = 1; CLK Node = 'clk'
                Info: 2: + IC(0.881 ns) + CELL(0.618 ns) = 2.306 ns; Loc. = LCFF_X6_Y3_N17; Fanout = 2; REG Node = 'dff_out'
                Info: Total cell delay = 1.425 ns ( 61.80 % )
                Info: Total interconnect delay = 0.881 ns ( 38.20 % )
            Info: - Longest clock path from clock "clk" to source register is 2.306 ns
                Info: 1: + IC(0.000 ns) + CELL(0.807 ns) = 0.807 ns; Loc. = PIN_R14; Fanout = 1; CLK Node = 'clk'
                Info: 2: + IC(0.881 ns) + CELL(0.618 ns) = 2.306 ns; Loc. = LCFF_X6_Y3_N17; Fanout = 2; REG Node = 'dff_out'
                Info: Total cell delay = 1.425 ns ( 61.80 % )
                Info: Total interconnect delay = 0.881 ns ( 38.20 % )
        Info: + Micro clock to output delay of source is 0.094 ns
        Info: + Micro setup delay of destination is 0.090 ns
Info: tsu for register "dff_out" (data pin = "load", clock pin = "clk") is 3.694 ns
    Info: + Longest pin to register delay is 5.910 ns
        Info: 1: + IC(0.000 ns) + CELL(0.827 ns) = 0.827 ns; Loc. = PIN_E14; Fanout = 1; PIN Node = 'load'
        Info: 2: + IC(4.550 ns) + CELL(0.378 ns) = 5.755 ns; Loc. = LCCOMB_X6_Y3_N16; Fanout = 1; COMB Node = 'dff_out~0'
        Info: 3: + IC(0.000 ns) + CELL(0.155 ns) = 5.910 ns; Loc. = LCFF_X6_Y3_N17; Fanout = 2; REG Node = 'dff_out'
        Info: Total cell delay = 1.360 ns ( 23.01 % )
        Info: Total interconnect delay = 4.550 ns ( 76.99 % )
    Info: + Micro setup delay of destination is 0.090 ns
    Info: - Shortest clock path from clock "clk" to destination register is 2.306 ns
        Info: 1: + IC(0.000 ns) + CELL(0.807 ns) = 0.807 ns; Loc. = PIN_R14; Fanout = 1; CLK Node = 'clk'
        Info: 2: + IC(0.881 ns) + CELL(0.618 ns) = 2.306 ns; Loc. = LCFF_X6_Y3_N17; Fanout = 2; REG Node = 'dff_out'
        Info: Total cell delay = 1.425 ns ( 61.80 % )
        Info: Total interconnect delay = 0.881 ns ( 38.20 % )
Info: tco from clock "clk" to destination pin "q" through register "dff_out" is 7.399 ns
    Info: + Longest clock path from clock "clk" to source register is 2.306 ns
        Info: 1: + IC(0.000 ns) + CELL(0.807 ns) = 0.807 ns; Loc. = PIN_R14; Fanout = 1; CLK Node = 'clk'
        Info: 2: + IC(0.881 ns) + CELL(0.618 ns) = 2.306 ns; Loc. = LCFF_X6_Y3_N17; Fanout = 2; REG Node = 'dff_out'
        Info: Total cell delay = 1.425 ns ( 61.80 % )
        Info: Total interconnect delay = 0.881 ns ( 38.20 % )
    Info: + Micro clock to output delay of source is 0.094 ns
    Info: + Longest register to pin delay is 4.999 ns
        Info: 1: + IC(0.000 ns) + CELL(0.000 ns) = 0.000 ns; Loc. = LCFF_X6_Y3_N17; Fanout = 2; REG Node = 'dff_out'
        Info: 2: + IC(2.855 ns) + CELL(2.144 ns) = 4.999 ns; Loc. = PIN_J3; Fanout = 0; PIN Node = 'q'
        Info: Total cell delay = 2.144 ns ( 42.89 % )
        Info: Total interconnect delay = 2.855 ns ( 57.11 % )
Info: th for register "dff_out" (data pin = "d", clock pin = "clk") is -2.624 ns
    Info: + Longest clock path from clock "clk" to destination register is 2.306 ns
        Info: 1: + IC(0.000 ns) + CELL(0.807 ns) = 0.807 ns; Loc. = PIN_R14; Fanout = 1; CLK Node = 'clk'
        Info: 2: + IC(0.881 ns) + CELL(0.618 ns) = 2.306 ns; Loc. = LCFF_X6_Y3_N17; Fanout = 2; REG Node = 'dff_out'
        Info: Total cell delay = 1.425 ns ( 61.80 % )
        Info: Total interconnect delay = 0.881 ns ( 38.20 % )
    Info: + Micro hold delay of destination is 0.149 ns
    Info: - Shortest pin to register delay is 5.079 ns
        Info: 1: + IC(0.000 ns) + CELL(0.830 ns) = 0.830 ns; Loc. = PIN_V22; Fanout = 1; PIN Node = 'd'
        Info: 2: + IC(3.822 ns) + CELL(0.272 ns) = 4.924 ns; Loc. = LCCOMB_X6_Y3_N16; Fanout = 1; COMB Node = 'dff_out~0'
        Info: 3: + IC(0.000 ns) + CELL(0.155 ns) = 5.079 ns; Loc. = LCFF_X6_Y3_N17; Fanout = 2; REG Node = 'dff_out'
        Info: Total cell delay = 1.257 ns ( 24.75 % )
        Info: Total interconnect delay = 3.822 ns ( 75.25 % )
Info: Quartus II Classic Timing Analyzer was successful. 0 errors, 1 warning
    Info: Peak virtual memory: 191 megabytes
    Info: Processing ended: Wed Nov 27 12:55:13 2024
    Info: Elapsed time: 00:00:00
    Info: Total CPU time (on all processors): 00:00:00


