This is pdfTeX, Version 3.141592653-2.6-1.40.26 (MiKTeX 24.4 Portable) (preloaded format=pdflatex 2024.5.18)  12 JUL 2024 13:55
entering extended mode
 restricted \write18 enabled.
 file:line:error style messages enabled.
 %&-line parsing enabled.
**c:/Users/amarnath/Projects/School/exam3cot2000/AmarnathPatel_Z23614792.tex
(c:/Users/amarnath/Projects/School/exam3cot2000/AmarnathPatel_Z23614792.tex
LaTeX2e <2023-11-01> patch level 1
L3 programming layer <2024-04-11>
(C:\Users\amarnath\scoop\apps\miktex\current\texmfs\install\tex/latex/base\article.cls
Document Class: article 2023/05/17 v1.4n Standard LaTeX document class
(C:\Users\amarnath\scoop\apps\miktex\current\texmfs\install\tex/latex/base\size10.clo
File: size10.clo 2023/05/17 v1.4n Standard LaTeX file (size option)
)
\c@part=\count189
\c@section=\count190
\c@subsection=\count191
\c@subsubsection=\count192
\c@paragraph=\count193
\c@subparagraph=\count194
\c@figure=\count195
\c@table=\count196
\abovecaptionskip=\skip48
\belowcaptionskip=\skip49
\bibindent=\dimen140
) (C:\Users\amarnath\scoop\apps\miktex\current\texmfs\install\tex/latex/amsmath\amsmath.sty
Package: amsmath 2023/05/13 v2.17o AMS math features
\@mathmargin=\skip50

For additional information on amsmath, use the `?' option.
(C:\Users\amarnath\scoop\apps\miktex\current\texmfs\install\tex/latex/amsmath\amstext.sty
Package: amstext 2021/08/26 v2.01 AMS text
 (C:\Users\amarnath\scoop\apps\miktex\current\texmfs\install\tex/latex/amsmath\amsgen.sty
File: amsgen.sty 1999/11/30 v2.0 generic functions
\@emptytoks=\toks17
\ex@=\dimen141
)) (C:\Users\amarnath\scoop\apps\miktex\current\texmfs\install\tex/latex/amsmath\amsbsy.sty
Package: amsbsy 1999/11/29 v1.2d Bold Symbols
\pmbraise@=\dimen142
) (C:\Users\amarnath\scoop\apps\miktex\current\texmfs\install\tex/latex/amsmath\amsopn.sty
Package: amsopn 2022/04/08 v2.04 operator names
)
\inf@bad=\count197
LaTeX Info: Redefining \frac on input line 234.
\uproot@=\count198
\leftroot@=\count199
LaTeX Info: Redefining \overline on input line 399.
LaTeX Info: Redefining \colon on input line 410.
\classnum@=\count266
\DOTSCASE@=\count267
LaTeX Info: Redefining \ldots on input line 496.
LaTeX Info: Redefining \dots on input line 499.
LaTeX Info: Redefining \cdots on input line 620.
\Mathstrutbox@=\box51
\strutbox@=\box52
LaTeX Info: Redefining \big on input line 722.
LaTeX Info: Redefining \Big on input line 723.
LaTeX Info: Redefining \bigg on input line 724.
LaTeX Info: Redefining \Bigg on input line 725.
\big@size=\dimen143
LaTeX Font Info:    Redeclaring font encoding OML on input line 743.
LaTeX Font Info:    Redeclaring font encoding OMS on input line 744.
\macc@depth=\count268
LaTeX Info: Redefining \bmod on input line 905.
LaTeX Info: Redefining \pmod on input line 910.
LaTeX Info: Redefining \smash on input line 940.
LaTeX Info: Redefining \relbar on input line 970.
LaTeX Info: Redefining \Relbar on input line 971.
\c@MaxMatrixCols=\count269
\dotsspace@=\muskip16
\c@parentequation=\count270
\dspbrk@lvl=\count271
\tag@help=\toks18
\row@=\count272
\column@=\count273
\maxfields@=\count274
\andhelp@=\toks19
\eqnshift@=\dimen144
\alignsep@=\dimen145
\tagshift@=\dimen146
\tagwidth@=\dimen147
\totwidth@=\dimen148
\lineht@=\dimen149
\@envbody=\toks20
\multlinegap=\skip51
\multlinetaggap=\skip52
\mathdisplay@stack=\toks21
LaTeX Info: Redefining \[ on input line 2953.
LaTeX Info: Redefining \] on input line 2954.
) (C:\Users\amarnath\scoop\apps\miktex\current\texmfs\install\tex/latex/amsfonts\amssymb.sty
Package: amssymb 2013/01/14 v3.01 AMS font symbols
 (C:\Users\amarnath\scoop\apps\miktex\current\texmfs\install\tex/latex/amsfonts\amsfonts.sty
Package: amsfonts 2013/01/14 v3.01 Basic AMSFonts support
\symAMSa=\mathgroup4
\symAMSb=\mathgroup5
LaTeX Font Info:    Redeclaring math symbol \hbar on input line 98.
LaTeX Font Info:    Overwriting math alphabet `\mathfrak' in version `bold'
(Font)                  U/euf/m/n --> U/euf/b/n on input line 106.
)) (C:\Users\amarnath\scoop\apps\miktex\current\texmfs\install\tex/latex/l3backend\l3backend-pdftex.def
File: l3backend-pdftex.def 2024-04-11 L3 backend support: PDF output (pdfTeX)
\l__color_backend_stack_int=\count275
\l__pdf_internal_box=\box53
) (AmarnathPatel_Z23614792.aux)
\openout1 = `AmarnathPatel_Z23614792.aux'.

LaTeX Font Info:    Checking defaults for OML/cmm/m/it on input line 9.
LaTeX Font Info:    ... okay on input line 9.
LaTeX Font Info:    Checking defaults for OMS/cmsy/m/n on input line 9.
LaTeX Font Info:    ... okay on input line 9.
LaTeX Font Info:    Checking defaults for OT1/cmr/m/n on input line 9.
LaTeX Font Info:    ... okay on input line 9.
LaTeX Font Info:    Checking defaults for T1/cmr/m/n on input line 9.
LaTeX Font Info:    ... okay on input line 9.
LaTeX Font Info:    Checking defaults for TS1/cmr/m/n on input line 9.
LaTeX Font Info:    ... okay on input line 9.
LaTeX Font Info:    Checking defaults for OMX/cmex/m/n on input line 9.
LaTeX Font Info:    ... okay on input line 9.
LaTeX Font Info:    Checking defaults for U/cmr/m/n on input line 9.
LaTeX Font Info:    ... okay on input line 9.
LaTeX Font Info:    Trying to load font information for U+msa on input line 10.
 (C:\Users\amarnath\scoop\apps\miktex\current\texmfs\install\tex/latex/amsfonts\umsa.fd
File: umsa.fd 2013/01/14 v3.01 AMS symbols A
)
LaTeX Font Info:    Trying to load font information for U+msb on input line 10.
 (C:\Users\amarnath\scoop\apps\miktex\current\texmfs\install\tex/latex/amsfonts\umsb.fd
File: umsb.fd 2013/01/14 v3.01 AMS symbols B
) [1

{C:/Users/amarnath/scoop/apps/miktex/current/texmfs/data/fonts/map/pdftex/pdftex.map}] [2{C:/Users/amarnath/scoop/apps/miktex/current/texmfs/install/fonts/enc/dvips/cm-super/cm-super-ts1.enc}] (AmarnathPatel_Z23614792.aux)
 ***********
LaTeX2e <2023-11-01> patch level 1
L3 programming layer <2024-04-11>
 ***********
 ) 
Here is how much of TeX's memory you used:
 1711 strings out of 474370
 25074 string characters out of 5733909
 1933754 words of memory out of 5000000
 24142 multiletter control sequences out of 15000+600000
 565960 words of font info for 67 fonts, out of 8000000 for 9000
 1141 hyphenation exceptions out of 8191
 56i,6n,65p,286b,218s stack positions out of 10000i,1000n,20000p,200000b,200000s
<C:/Users/amarnath/scoop/apps/miktex/current/texmfs/install/fonts/type1/public/amsfonts/cm/cmbx10.pfb><C:/Users/amarnath/scoop/apps/miktex/current/texmfs/install/fonts/type1/public/amsfonts/cm/cmbx12.pfb><C:/Users/amarnath/scoop/apps/miktex/current/texmfs/install/fonts/type1/public/amsfonts/cm/cmex10.pfb><C:/Users/amarnath/scoop/apps/miktex/current/texmfs/install/fonts/type1/public/amsfonts/cm/cmmi10.pfb><C:/Users/amarnath/scoop/apps/miktex/current/texmfs/install/fonts/type1/public/amsfonts/cm/cmmi7.pfb><C:/Users/amarnath/scoop/apps/miktex/current/texmfs/install/fonts/type1/public/amsfonts/cm/cmr10.pfb><C:/Users/amarnath/scoop/apps/miktex/current/texmfs/install/fonts/type1/public/amsfonts/cm/cmr12.pfb><C:/Users/amarnath/scoop/apps/miktex/current/texmfs/install/fonts/type1/public/amsfonts/cm/cmr17.pfb><C:/Users/amarnath/scoop/apps/miktex/current/texmfs/install/fonts/type1/public/amsfonts/cm/cmr7.pfb><C:/Users/amarnath/scoop/apps/miktex/current/texmfs/install/fonts/type1/public/amsfonts/cm/cmsy10.pfb><C:/Users/amarnath/scoop/apps/miktex/current/texmfs/install/fonts/type1/public/amsfonts/cm/cmsy7.pfb><C:/Users/amarnath/scoop/apps/miktex/current/texmfs/install/fonts/type1/public/amsfonts/symbols/msbm10.pfb><C:/Users/amarnath/scoop/apps/miktex/current/texmfs/install/fonts/type1/public/cm-super/sfrm1000.pfb>
Output written on AmarnathPatel_Z23614792.pdf (2 pages, 140757 bytes).
PDF statistics:
 75 PDF objects out of 1000 (max. 8388607)
 0 named destinations out of 1000 (max. 500000)
 1 words of extra memory for PDF output out of 10000 (max. 10000000)

