Classic Timing Analyzer report for Mux16to1_AmarnathPatel
Wed Oct 23 17:01:45 2024
Quartus II Version 9.1 Build 350 03/24/2010 Service Pack 2 SJ Web Edition


---------------------
; Table of Contents ;
---------------------
  1. Legal Notice
  2. Timing Analyzer Summary
  3. Timing Analyzer Settings
  4. Parallel Compilation
  5. tpd
  6. Timing Analyzer Messages



----------------
; Legal Notice ;
----------------
Copyright (C) 1991-2010 Altera Corporation
Your use of Altera Corporation's design tools, logic functions 
and other software and tools, and its AMPP partner logic 
functions, and any output files from any of the foregoing 
(including device programming or simulation files), and any 
associated documentation or information are expressly subject 
to the terms and conditions of the Altera Program License 
Subscription Agreement, Altera MegaCore Function License 
Agreement, or other applicable license agreement, including, 
without limitation, that your use is for the sole purpose of 
programming logic devices manufactured by Altera and sold by 
Altera or its authorized distributors.  Please refer to the 
applicable agreement for further details.



+---------------------------------------------------------------------------------------------------------------------------+
; Timing Analyzer Summary                                                                                                   ;
+------------------------------+-------+---------------+-------------+------+--------+------------+----------+--------------+
; Type                         ; Slack ; Required Time ; Actual Time ; From ; To     ; From Clock ; To Clock ; Failed Paths ;
+------------------------------+-------+---------------+-------------+------+--------+------------+----------+--------------+
; Worst-case tpd               ; N/A   ; None          ; 9.177 ns    ; in2  ; output ; --         ; --       ; 0            ;
; Total number of failed paths ;       ;               ;             ;      ;        ;            ;          ; 0            ;
+------------------------------+-------+---------------+-------------+------+--------+------------+----------+--------------+


+-----------------------------------------------------------------------------------------------------------------------------------------------------+
; Timing Analyzer Settings                                                                                                                            ;
+------------------------------------------------------------------------------------------------------+--------------------+------+----+-------------+
; Option                                                                                               ; Setting            ; From ; To ; Entity Name ;
+------------------------------------------------------------------------------------------------------+--------------------+------+----+-------------+
; Device Name                                                                                          ; EP2S15F484C3       ;      ;    ;             ;
; Timing Models                                                                                        ; Final              ;      ;    ;             ;
; Default hold multicycle                                                                              ; Same as Multicycle ;      ;    ;             ;
; Cut paths between unrelated clock domains                                                            ; On                 ;      ;    ;             ;
; Cut off read during write signal paths                                                               ; On                 ;      ;    ;             ;
; Cut off feedback from I/O pins                                                                       ; On                 ;      ;    ;             ;
; Report Combined Fast/Slow Timing                                                                     ; Off                ;      ;    ;             ;
; Ignore Clock Settings                                                                                ; Off                ;      ;    ;             ;
; Analyze latches as synchronous elements                                                              ; On                 ;      ;    ;             ;
; Enable Recovery/Removal analysis                                                                     ; Off                ;      ;    ;             ;
; Enable Clock Latency                                                                                 ; Off                ;      ;    ;             ;
; Use TimeQuest Timing Analyzer                                                                        ; Off                ;      ;    ;             ;
; Number of source nodes to report per destination node                                                ; 10                 ;      ;    ;             ;
; Number of destination nodes to report                                                                ; 10                 ;      ;    ;             ;
; Number of paths to report                                                                            ; 200                ;      ;    ;             ;
; Report Minimum Timing Checks                                                                         ; Off                ;      ;    ;             ;
; Use Fast Timing Models                                                                               ; Off                ;      ;    ;             ;
; Report IO Paths Separately                                                                           ; Off                ;      ;    ;             ;
; Perform Multicorner Analysis                                                                         ; On                 ;      ;    ;             ;
; Reports the worst-case path for each clock domain and analysis                                       ; Off                ;      ;    ;             ;
; Reports worst-case timing paths for each clock domain and analysis                                   ; Off                ;      ;    ;             ;
; Specifies the maximum number of worst-case timing paths to report for each clock domain and analysis ; 100                ;      ;    ;             ;
; Removes common clock path pessimism (CCPP) during slack computation                                  ; Off                ;      ;    ;             ;
; Output I/O Timing Endpoint                                                                           ; Near End           ;      ;    ;             ;
+------------------------------------------------------------------------------------------------------+--------------------+------+----+-------------+


Parallel compilation was disabled, but you have multiple processors available. Enable parallel compilation to reduce compilation time.
+-------------------------------------+
; Parallel Compilation                ;
+----------------------------+--------+
; Processors                 ; Number ;
+----------------------------+--------+
; Number detected on machine ; 16     ;
; Maximum allowed            ; 1      ;
+----------------------------+--------+


+---------------------------------------------------------------+
; tpd                                                           ;
+-------+-------------------+-----------------+--------+--------+
; Slack ; Required P2P Time ; Actual P2P Time ; From   ; To     ;
+-------+-------------------+-----------------+--------+--------+
; N/A   ; None              ; 9.177 ns        ; in2    ; output ;
; N/A   ; None              ; 8.833 ns        ; sel[0] ; output ;
; N/A   ; None              ; 8.736 ns        ; sel[1] ; output ;
; N/A   ; None              ; 8.600 ns        ; in15   ; output ;
; N/A   ; None              ; 8.575 ns        ; in13   ; output ;
; N/A   ; None              ; 8.215 ns        ; in9    ; output ;
; N/A   ; None              ; 8.146 ns        ; in0    ; output ;
; N/A   ; None              ; 8.146 ns        ; in8    ; output ;
; N/A   ; None              ; 8.084 ns        ; in10   ; output ;
; N/A   ; None              ; 8.052 ns        ; in14   ; output ;
; N/A   ; None              ; 8.006 ns        ; in11   ; output ;
; N/A   ; None              ; 7.987 ns        ; in12   ; output ;
; N/A   ; None              ; 7.921 ns        ; in3    ; output ;
; N/A   ; None              ; 7.828 ns        ; in4    ; output ;
; N/A   ; None              ; 7.750 ns        ; in1    ; output ;
; N/A   ; None              ; 7.708 ns        ; in7    ; output ;
; N/A   ; None              ; 7.532 ns        ; in6    ; output ;
; N/A   ; None              ; 7.414 ns        ; sel[3] ; output ;
; N/A   ; None              ; 7.334 ns        ; in5    ; output ;
; N/A   ; None              ; 7.200 ns        ; sel[2] ; output ;
+-------+-------------------+-----------------+--------+--------+


+--------------------------+
; Timing Analyzer Messages ;
+--------------------------+
Info: *******************************************************************
Info: Running Quartus II Classic Timing Analyzer
    Info: Version 9.1 Build 350 03/24/2010 Service Pack 2 SJ Web Edition
    Info: Processing started: Wed Oct 23 17:01:45 2024
Info: Command: quartus_tan --read_settings_files=off --write_settings_files=off Mux16to1_AmarnathPatel -c Mux16to1_AmarnathPatel --timing_analysis_only
Info: Longest tpd from source pin "in2" to destination pin "output" is 9.177 ns
    Info: 1: + IC(0.000 ns) + CELL(0.827 ns) = 0.827 ns; Loc. = PIN_D15; Fanout = 1; PIN Node = 'in2'
    Info: 2: + IC(5.104 ns) + CELL(0.272 ns) = 6.203 ns; Loc. = LCCOMB_X29_Y1_N0; Fanout = 1; COMB Node = 'Mux2to1_AmarnathPatelVHDL:MUX2_FINAL|mux~0'
    Info: 3: + IC(0.238 ns) + CELL(0.272 ns) = 6.713 ns; Loc. = LCCOMB_X29_Y1_N16; Fanout = 1; COMB Node = 'Mux2to1_AmarnathPatelVHDL:MUX2_FINAL|mux~4'
    Info: 4: + IC(0.482 ns) + CELL(1.982 ns) = 9.177 ns; Loc. = PIN_AA7; Fanout = 0; PIN Node = 'output'
    Info: Total cell delay = 3.353 ns ( 36.54 % )
    Info: Total interconnect delay = 5.824 ns ( 63.46 % )
Info: Quartus II Classic Timing Analyzer was successful. 0 errors, 0 warnings
    Info: Peak virtual memory: 192 megabytes
    Info: Processing ended: Wed Oct 23 17:01:45 2024
    Info: Elapsed time: 00:00:00
    Info: Total CPU time (on all processors): 00:00:00


