Classic Timing Analyzer report for DFF_AmarnathPatel
Thu Nov 28 15:55:54 2024
Quartus II Version 9.1 Build 350 03/24/2010 Service Pack 2 SJ Web Edition


---------------------
; Table of Contents ;
---------------------
  1. Legal Notice
  2. Timing Analyzer Summary
  3. Timing Analyzer Settings
  4. Clock Settings Summary
  5. Parallel Compilation
  6. tsu
  7. tco
  8. th
  9. Timing Analyzer Messages



----------------
; Legal Notice ;
----------------
Copyright (C) 1991-2010 Altera Corporation
Your use of Altera Corporation's design tools, logic functions 
and other software and tools, and its AMPP partner logic 
functions, and any output files from any of the foregoing 
(including device programming or simulation files), and any 
associated documentation or information are expressly subject 
to the terms and conditions of the Altera Program License 
Subscription Agreement, Altera MegaCore Function License 
Agreement, or other applicable license agreement, including, 
without limitation, that your use is for the sole purpose of 
programming logic devices manufactured by Altera and sold by 
Altera or its authorized distributors.  Please refer to the 
applicable agreement for further details.



+---------------------------------------------------------------------------------------------------------------------------+
; Timing Analyzer Summary                                                                                                   ;
+------------------------------+-------+---------------+-------------+-------+-------+------------+----------+--------------+
; Type                         ; Slack ; Required Time ; Actual Time ; From  ; To    ; From Clock ; To Clock ; Failed Paths ;
+------------------------------+-------+---------------+-------------+-------+-------+------------+----------+--------------+
; Worst-case tsu               ; N/A   ; None          ; 2.886 ns    ; D     ; tmp_q ; --         ; clk      ; 0            ;
; Worst-case tco               ; N/A   ; None          ; 6.280 ns    ; tmp_q ; Q     ; clk        ; --       ; 0            ;
; Worst-case th                ; N/A   ; None          ; -2.647 ns   ; D     ; tmp_q ; --         ; clk      ; 0            ;
; Total number of failed paths ;       ;               ;             ;       ;       ;            ;          ; 0            ;
+------------------------------+-------+---------------+-------------+-------+-------+------------+----------+--------------+


+-----------------------------------------------------------------------------------------------------------------------------------------------------+
; Timing Analyzer Settings                                                                                                                            ;
+------------------------------------------------------------------------------------------------------+--------------------+------+----+-------------+
; Option                                                                                               ; Setting            ; From ; To ; Entity Name ;
+------------------------------------------------------------------------------------------------------+--------------------+------+----+-------------+
; Device Name                                                                                          ; EP2S15F484C3       ;      ;    ;             ;
; Timing Models                                                                                        ; Final              ;      ;    ;             ;
; Default hold multicycle                                                                              ; Same as Multicycle ;      ;    ;             ;
; Cut paths between unrelated clock domains                                                            ; On                 ;      ;    ;             ;
; Cut off read during write signal paths                                                               ; On                 ;      ;    ;             ;
; Cut off feedback from I/O pins                                                                       ; On                 ;      ;    ;             ;
; Report Combined Fast/Slow Timing                                                                     ; Off                ;      ;    ;             ;
; Ignore Clock Settings                                                                                ; Off                ;      ;    ;             ;
; Analyze latches as synchronous elements                                                              ; On                 ;      ;    ;             ;
; Enable Recovery/Removal analysis                                                                     ; Off                ;      ;    ;             ;
; Enable Clock Latency                                                                                 ; Off                ;      ;    ;             ;
; Use TimeQuest Timing Analyzer                                                                        ; Off                ;      ;    ;             ;
; Number of source nodes to report per destination node                                                ; 10                 ;      ;    ;             ;
; Number of destination nodes to report                                                                ; 10                 ;      ;    ;             ;
; Number of paths to report                                                                            ; 200                ;      ;    ;             ;
; Report Minimum Timing Checks                                                                         ; Off                ;      ;    ;             ;
; Use Fast Timing Models                                                                               ; Off                ;      ;    ;             ;
; Report IO Paths Separately                                                                           ; Off                ;      ;    ;             ;
; Perform Multicorner Analysis                                                                         ; On                 ;      ;    ;             ;
; Reports the worst-case path for each clock domain and analysis                                       ; Off                ;      ;    ;             ;
; Reports worst-case timing paths for each clock domain and analysis                                   ; Off                ;      ;    ;             ;
; Specifies the maximum number of worst-case timing paths to report for each clock domain and analysis ; 100                ;      ;    ;             ;
; Removes common clock path pessimism (CCPP) during slack computation                                  ; Off                ;      ;    ;             ;
; Output I/O Timing Endpoint                                                                           ; Near End           ;      ;    ;             ;
+------------------------------------------------------------------------------------------------------+--------------------+------+----+-------------+


+------------------------------------------------------------------------------------------------------------------------------------------------------------------------------------+
; Clock Settings Summary                                                                                                                                                             ;
+-----------------+--------------------+----------+------------------+---------------+--------------+----------+-----------------------+---------------------+--------+--------------+
; Clock Node Name ; Clock Setting Name ; Type     ; Fmax Requirement ; Early Latency ; Late Latency ; Based on ; Multiply Base Fmax by ; Divide Base Fmax by ; Offset ; Phase offset ;
+-----------------+--------------------+----------+------------------+---------------+--------------+----------+-----------------------+---------------------+--------+--------------+
; clk             ;                    ; User Pin ; None             ; 0.000 ns      ; 0.000 ns     ; --       ; N/A                   ; N/A                 ; N/A    ;              ;
+-----------------+--------------------+----------+------------------+---------------+--------------+----------+-----------------------+---------------------+--------+--------------+


Parallel compilation was disabled, but you have multiple processors available. Enable parallel compilation to reduce compilation time.
+-------------------------------------+
; Parallel Compilation                ;
+----------------------------+--------+
; Processors                 ; Number ;
+----------------------------+--------+
; Number detected on machine ; 16     ;
; Maximum allowed            ; 1      ;
+----------------------------+--------+


+-------------------------------------------------------------+
; tsu                                                         ;
+-------+--------------+------------+------+-------+----------+
; Slack ; Required tsu ; Actual tsu ; From ; To    ; To Clock ;
+-------+--------------+------------+------+-------+----------+
; N/A   ; None         ; 2.886 ns   ; D    ; tmp_q ; clk      ;
+-------+--------------+------------+------+-------+----------+


+-------------------------------------------------------------+
; tco                                                         ;
+-------+--------------+------------+-------+----+------------+
; Slack ; Required tco ; Actual tco ; From  ; To ; From Clock ;
+-------+--------------+------------+-------+----+------------+
; N/A   ; None         ; 6.280 ns   ; tmp_q ; Q  ; clk        ;
+-------+--------------+------------+-------+----+------------+


+-------------------------------------------------------------------+
; th                                                                ;
+---------------+-------------+-----------+------+-------+----------+
; Minimum Slack ; Required th ; Actual th ; From ; To    ; To Clock ;
+---------------+-------------+-----------+------+-------+----------+
; N/A           ; None        ; -2.647 ns ; D    ; tmp_q ; clk      ;
+---------------+-------------+-----------+------+-------+----------+


+--------------------------+
; Timing Analyzer Messages ;
+--------------------------+
Info: *******************************************************************
Info: Running Quartus II Classic Timing Analyzer
    Info: Version 9.1 Build 350 03/24/2010 Service Pack 2 SJ Web Edition
    Info: Processing started: Thu Nov 28 15:55:54 2024
Info: Command: quartus_tan --read_settings_files=off --write_settings_files=off DFF_AmarnathPatel -c DFF_AmarnathPatel --timing_analysis_only
Warning: Found pins functioning as undefined clocks and/or memory enables
    Info: Assuming node "clk" is an undefined clock
Info: No valid register-to-register data paths exist for clock "clk"
Info: tsu for register "tmp_q" (data pin = "D", clock pin = "clk") is 2.886 ns
    Info: + Longest pin to register delay is 5.113 ns
        Info: 1: + IC(0.000 ns) + CELL(0.837 ns) = 0.837 ns; Loc. = PIN_D5; Fanout = 1; PIN Node = 'D'
        Info: 2: + IC(4.068 ns) + CELL(0.053 ns) = 4.958 ns; Loc. = LCCOMB_X39_Y15_N0; Fanout = 1; COMB Node = 'tmp_q~feeder'
        Info: 3: + IC(0.000 ns) + CELL(0.155 ns) = 5.113 ns; Loc. = LCFF_X39_Y15_N1; Fanout = 1; REG Node = 'tmp_q'
        Info: Total cell delay = 1.045 ns ( 20.44 % )
        Info: Total interconnect delay = 4.068 ns ( 79.56 % )
    Info: + Micro setup delay of destination is 0.090 ns
    Info: - Shortest clock path from clock "clk" to destination register is 2.317 ns
        Info: 1: + IC(0.000 ns) + CELL(0.864 ns) = 0.864 ns; Loc. = PIN_L2; Fanout = 1; CLK Node = 'clk'
        Info: 2: + IC(0.835 ns) + CELL(0.618 ns) = 2.317 ns; Loc. = LCFF_X39_Y15_N1; Fanout = 1; REG Node = 'tmp_q'
        Info: Total cell delay = 1.482 ns ( 63.96 % )
        Info: Total interconnect delay = 0.835 ns ( 36.04 % )
Info: tco from clock "clk" to destination pin "Q" through register "tmp_q" is 6.280 ns
    Info: + Longest clock path from clock "clk" to source register is 2.317 ns
        Info: 1: + IC(0.000 ns) + CELL(0.864 ns) = 0.864 ns; Loc. = PIN_L2; Fanout = 1; CLK Node = 'clk'
        Info: 2: + IC(0.835 ns) + CELL(0.618 ns) = 2.317 ns; Loc. = LCFF_X39_Y15_N1; Fanout = 1; REG Node = 'tmp_q'
        Info: Total cell delay = 1.482 ns ( 63.96 % )
        Info: Total interconnect delay = 0.835 ns ( 36.04 % )
    Info: + Micro clock to output delay of source is 0.094 ns
    Info: + Longest register to pin delay is 3.869 ns
        Info: 1: + IC(0.000 ns) + CELL(0.000 ns) = 0.000 ns; Loc. = LCFF_X39_Y15_N1; Fanout = 1; REG Node = 'tmp_q'
        Info: 2: + IC(1.725 ns) + CELL(2.144 ns) = 3.869 ns; Loc. = PIN_L20; Fanout = 0; PIN Node = 'Q'
        Info: Total cell delay = 2.144 ns ( 55.41 % )
        Info: Total interconnect delay = 1.725 ns ( 44.59 % )
Info: th for register "tmp_q" (data pin = "D", clock pin = "clk") is -2.647 ns
    Info: + Longest clock path from clock "clk" to destination register is 2.317 ns
        Info: 1: + IC(0.000 ns) + CELL(0.864 ns) = 0.864 ns; Loc. = PIN_L2; Fanout = 1; CLK Node = 'clk'
        Info: 2: + IC(0.835 ns) + CELL(0.618 ns) = 2.317 ns; Loc. = LCFF_X39_Y15_N1; Fanout = 1; REG Node = 'tmp_q'
        Info: Total cell delay = 1.482 ns ( 63.96 % )
        Info: Total interconnect delay = 0.835 ns ( 36.04 % )
    Info: + Micro hold delay of destination is 0.149 ns
    Info: - Shortest pin to register delay is 5.113 ns
        Info: 1: + IC(0.000 ns) + CELL(0.837 ns) = 0.837 ns; Loc. = PIN_D5; Fanout = 1; PIN Node = 'D'
        Info: 2: + IC(4.068 ns) + CELL(0.053 ns) = 4.958 ns; Loc. = LCCOMB_X39_Y15_N0; Fanout = 1; COMB Node = 'tmp_q~feeder'
        Info: 3: + IC(0.000 ns) + CELL(0.155 ns) = 5.113 ns; Loc. = LCFF_X39_Y15_N1; Fanout = 1; REG Node = 'tmp_q'
        Info: Total cell delay = 1.045 ns ( 20.44 % )
        Info: Total interconnect delay = 4.068 ns ( 79.56 % )
Info: Quartus II Classic Timing Analyzer was successful. 0 errors, 1 warning
    Info: Peak virtual memory: 192 megabytes
    Info: Processing ended: Thu Nov 28 15:55:54 2024
    Info: Elapsed time: 00:00:00
    Info: Total CPU time (on all processors): 00:00:00


