Classic Timing Analyzer report for Adder16_AmarnathPatel
Thu Nov 07 16:43:52 2024
Quartus II Version 9.1 Build 350 03/24/2010 Service Pack 2 SJ Web Edition


---------------------
; Table of Contents ;
---------------------
  1. Legal Notice
  2. Timing Analyzer Summary
  3. Timing Analyzer Settings
  4. Parallel Compilation
  5. tpd
  6. Timing Analyzer Messages



----------------
; Legal Notice ;
----------------
Copyright (C) 1991-2010 Altera Corporation
Your use of Altera Corporation's design tools, logic functions 
and other software and tools, and its AMPP partner logic 
functions, and any output files from any of the foregoing 
(including device programming or simulation files), and any 
associated documentation or information are expressly subject 
to the terms and conditions of the Altera Program License 
Subscription Agreement, Altera MegaCore Function License 
Agreement, or other applicable license agreement, including, 
without limitation, that your use is for the sole purpose of 
programming logic devices manufactured by Altera and sold by 
Altera or its authorized distributors.  Please refer to the 
applicable agreement for further details.



+--------------------------------------------------------------------------------------------------------------------------+
; Timing Analyzer Summary                                                                                                  ;
+------------------------------+-------+---------------+-------------+------+-------+------------+----------+--------------+
; Type                         ; Slack ; Required Time ; Actual Time ; From ; To    ; From Clock ; To Clock ; Failed Paths ;
+------------------------------+-------+---------------+-------------+------+-------+------------+----------+--------------+
; Worst-case tpd               ; N/A   ; None          ; 15.764 ns   ; A[2] ; S[14] ; --         ; --       ; 0            ;
; Total number of failed paths ;       ;               ;             ;      ;       ;            ;          ; 0            ;
+------------------------------+-------+---------------+-------------+------+-------+------------+----------+--------------+


+-----------------------------------------------------------------------------------------------------------------------------------------------------+
; Timing Analyzer Settings                                                                                                                            ;
+------------------------------------------------------------------------------------------------------+--------------------+------+----+-------------+
; Option                                                                                               ; Setting            ; From ; To ; Entity Name ;
+------------------------------------------------------------------------------------------------------+--------------------+------+----+-------------+
; Device Name                                                                                          ; EP2S15F484C3       ;      ;    ;             ;
; Timing Models                                                                                        ; Final              ;      ;    ;             ;
; Default hold multicycle                                                                              ; Same as Multicycle ;      ;    ;             ;
; Cut paths between unrelated clock domains                                                            ; On                 ;      ;    ;             ;
; Cut off read during write signal paths                                                               ; On                 ;      ;    ;             ;
; Cut off feedback from I/O pins                                                                       ; On                 ;      ;    ;             ;
; Report Combined Fast/Slow Timing                                                                     ; Off                ;      ;    ;             ;
; Ignore Clock Settings                                                                                ; Off                ;      ;    ;             ;
; Analyze latches as synchronous elements                                                              ; On                 ;      ;    ;             ;
; Enable Recovery/Removal analysis                                                                     ; Off                ;      ;    ;             ;
; Enable Clock Latency                                                                                 ; Off                ;      ;    ;             ;
; Use TimeQuest Timing Analyzer                                                                        ; Off                ;      ;    ;             ;
; Number of source nodes to report per destination node                                                ; 10                 ;      ;    ;             ;
; Number of destination nodes to report                                                                ; 10                 ;      ;    ;             ;
; Number of paths to report                                                                            ; 200                ;      ;    ;             ;
; Report Minimum Timing Checks                                                                         ; Off                ;      ;    ;             ;
; Use Fast Timing Models                                                                               ; Off                ;      ;    ;             ;
; Report IO Paths Separately                                                                           ; Off                ;      ;    ;             ;
; Perform Multicorner Analysis                                                                         ; On                 ;      ;    ;             ;
; Reports the worst-case path for each clock domain and analysis                                       ; Off                ;      ;    ;             ;
; Reports worst-case timing paths for each clock domain and analysis                                   ; Off                ;      ;    ;             ;
; Specifies the maximum number of worst-case timing paths to report for each clock domain and analysis ; 100                ;      ;    ;             ;
; Removes common clock path pessimism (CCPP) during slack computation                                  ; Off                ;      ;    ;             ;
; Output I/O Timing Endpoint                                                                           ; Near End           ;      ;    ;             ;
+------------------------------------------------------------------------------------------------------+--------------------+------+----+-------------+


Parallel compilation was disabled, but you have multiple processors available. Enable parallel compilation to reduce compilation time.
+-------------------------------------+
; Parallel Compilation                ;
+----------------------------+--------+
; Processors                 ; Number ;
+----------------------------+--------+
; Number detected on machine ; 16     ;
; Maximum allowed            ; 1      ;
+----------------------------+--------+


+---------------------------------------------------------------------------------------------------------------------------------+
; tpd                                                                                                                             ;
+-----------------------------------------+-----------------------------------------------------+-----------------+-------+-------+
; Slack                                   ; Required P2P Time                                   ; Actual P2P Time ; From  ; To    ;
+-----------------------------------------+-----------------------------------------------------+-----------------+-------+-------+
; N/A                                     ; None                                                ; 15.764 ns       ; A[2]  ; S[14] ;
; N/A                                     ; None                                                ; 15.738 ns       ; A[1]  ; S[14] ;
; N/A                                     ; None                                                ; 15.736 ns       ; A[2]  ; Cout  ;
; N/A                                     ; None                                                ; 15.710 ns       ; A[1]  ; Cout  ;
; N/A                                     ; None                                                ; 15.659 ns       ; A[2]  ; S[11] ;
; N/A                                     ; None                                                ; 15.633 ns       ; A[1]  ; S[11] ;
; N/A                                     ; None                                                ; 15.562 ns       ; A[2]  ; S[13] ;
; N/A                                     ; None                                                ; 15.536 ns       ; A[1]  ; S[13] ;
; N/A                                     ; None                                                ; 15.517 ns       ; A[4]  ; S[14] ;
; N/A                                     ; None                                                ; 15.489 ns       ; A[4]  ; Cout  ;
; N/A                                     ; None                                                ; 15.435 ns       ; Cin   ; S[14] ;
; N/A                                     ; None                                                ; 15.412 ns       ; A[4]  ; S[11] ;
; N/A                                     ; None                                                ; 15.407 ns       ; Cin   ; Cout  ;
; N/A                                     ; None                                                ; 15.330 ns       ; Cin   ; S[11] ;
; N/A                                     ; None                                                ; 15.315 ns       ; A[4]  ; S[13] ;
; N/A                                     ; None                                                ; 15.298 ns       ; B[0]  ; S[14] ;
; N/A                                     ; None                                                ; 15.292 ns       ; A[5]  ; S[14] ;
; N/A                                     ; None                                                ; 15.275 ns       ; B[1]  ; S[14] ;
; N/A                                     ; None                                                ; 15.270 ns       ; B[0]  ; Cout  ;
; N/A                                     ; None                                                ; 15.264 ns       ; A[5]  ; Cout  ;
; N/A                                     ; None                                                ; 15.247 ns       ; B[1]  ; Cout  ;
; N/A                                     ; None                                                ; 15.233 ns       ; Cin   ; S[13] ;
; N/A                                     ; None                                                ; 15.223 ns       ; B[2]  ; S[14] ;
; N/A                                     ; None                                                ; 15.200 ns       ; A[2]  ; S[10] ;
; N/A                                     ; None                                                ; 15.195 ns       ; B[2]  ; Cout  ;
; N/A                                     ; None                                                ; 15.193 ns       ; B[0]  ; S[11] ;
; N/A                                     ; None                                                ; 15.187 ns       ; A[5]  ; S[11] ;
; N/A                                     ; None                                                ; 15.174 ns       ; A[1]  ; S[10] ;
; N/A                                     ; None                                                ; 15.170 ns       ; B[1]  ; S[11] ;
; N/A                                     ; None                                                ; 15.118 ns       ; B[2]  ; S[11] ;
; N/A                                     ; None                                                ; 15.096 ns       ; B[0]  ; S[13] ;
; N/A                                     ; None                                                ; 15.090 ns       ; A[5]  ; S[13] ;
; N/A                                     ; None                                                ; 15.073 ns       ; B[1]  ; S[13] ;
; N/A                                     ; None                                                ; 15.021 ns       ; B[2]  ; S[13] ;
; N/A                                     ; None                                                ; 14.953 ns       ; A[4]  ; S[10] ;
; N/A                                     ; None                                                ; 14.871 ns       ; Cin   ; S[10] ;
; N/A                                     ; None                                                ; 14.850 ns       ; A[0]  ; S[14] ;
; N/A                                     ; None                                                ; 14.822 ns       ; A[0]  ; Cout  ;
; N/A                                     ; None                                                ; 14.805 ns       ; A[6]  ; S[14] ;
; N/A                                     ; None                                                ; 14.777 ns       ; A[6]  ; Cout  ;
; N/A                                     ; None                                                ; 14.745 ns       ; A[0]  ; S[11] ;
; N/A                                     ; None                                                ; 14.734 ns       ; B[0]  ; S[10] ;
; N/A                                     ; None                                                ; 14.728 ns       ; A[5]  ; S[10] ;
; N/A                                     ; None                                                ; 14.711 ns       ; B[1]  ; S[10] ;
; N/A                                     ; None                                                ; 14.700 ns       ; A[6]  ; S[11] ;
; N/A                                     ; None                                                ; 14.659 ns       ; B[2]  ; S[10] ;
; N/A                                     ; None                                                ; 14.648 ns       ; A[0]  ; S[13] ;
; N/A                                     ; None                                                ; 14.609 ns       ; B[6]  ; S[14] ;
; N/A                                     ; None                                                ; 14.603 ns       ; A[6]  ; S[13] ;
; N/A                                     ; None                                                ; 14.588 ns       ; B[4]  ; S[14] ;
; N/A                                     ; None                                                ; 14.581 ns       ; B[6]  ; Cout  ;
; N/A                                     ; None                                                ; 14.560 ns       ; B[4]  ; Cout  ;
; N/A                                     ; None                                                ; 14.527 ns       ; B[5]  ; S[14] ;
; N/A                                     ; None                                                ; 14.524 ns       ; B[3]  ; S[14] ;
; N/A                                     ; None                                                ; 14.504 ns       ; B[6]  ; S[11] ;
; N/A                                     ; None                                                ; 14.499 ns       ; B[5]  ; Cout  ;
; N/A                                     ; None                                                ; 14.496 ns       ; B[3]  ; Cout  ;
; N/A                                     ; None                                                ; 14.483 ns       ; B[4]  ; S[11] ;
; N/A                                     ; None                                                ; 14.455 ns       ; A[2]  ; S[15] ;
; N/A                                     ; None                                                ; 14.429 ns       ; A[1]  ; S[15] ;
; N/A                                     ; None                                                ; 14.422 ns       ; B[5]  ; S[11] ;
; N/A                                     ; None                                                ; 14.419 ns       ; B[3]  ; S[11] ;
; N/A                                     ; None                                                ; 14.407 ns       ; B[6]  ; S[13] ;
; N/A                                     ; None                                                ; 14.386 ns       ; B[4]  ; S[13] ;
; N/A                                     ; None                                                ; 14.325 ns       ; B[5]  ; S[13] ;
; N/A                                     ; None                                                ; 14.322 ns       ; B[3]  ; S[13] ;
; N/A                                     ; None                                                ; 14.286 ns       ; A[0]  ; S[10] ;
; N/A                                     ; None                                                ; 14.241 ns       ; A[6]  ; S[10] ;
; N/A                                     ; None                                                ; 14.208 ns       ; A[4]  ; S[15] ;
; N/A                                     ; None                                                ; 14.197 ns       ; A[3]  ; S[14] ;
; N/A                                     ; None                                                ; 14.169 ns       ; A[3]  ; Cout  ;
; N/A                                     ; None                                                ; 14.126 ns       ; Cin   ; S[15] ;
; N/A                                     ; None                                                ; 14.092 ns       ; A[3]  ; S[11] ;
; N/A                                     ; None                                                ; 14.045 ns       ; B[6]  ; S[10] ;
; N/A                                     ; None                                                ; 14.028 ns       ; A[2]  ; S[12] ;
; N/A                                     ; None                                                ; 14.024 ns       ; B[4]  ; S[10] ;
; N/A                                     ; None                                                ; 14.002 ns       ; A[1]  ; S[12] ;
; N/A                                     ; None                                                ; 13.995 ns       ; A[3]  ; S[13] ;
; N/A                                     ; None                                                ; 13.989 ns       ; B[0]  ; S[15] ;
; N/A                                     ; None                                                ; 13.983 ns       ; A[5]  ; S[15] ;
; N/A                                     ; None                                                ; 13.966 ns       ; B[1]  ; S[15] ;
; N/A                                     ; None                                                ; 13.963 ns       ; B[5]  ; S[10] ;
; N/A                                     ; None                                                ; 13.960 ns       ; B[3]  ; S[10] ;
; N/A                                     ; None                                                ; 13.914 ns       ; B[2]  ; S[15] ;
; N/A                                     ; None                                                ; 13.792 ns       ; B[7]  ; S[14] ;
; N/A                                     ; None                                                ; 13.781 ns       ; A[4]  ; S[12] ;
; N/A                                     ; None                                                ; 13.764 ns       ; B[7]  ; Cout  ;
; N/A                                     ; None                                                ; 13.699 ns       ; Cin   ; S[12] ;
; N/A                                     ; None                                                ; 13.687 ns       ; B[7]  ; S[11] ;
; N/A                                     ; None                                                ; 13.633 ns       ; A[3]  ; S[10] ;
; N/A                                     ; None                                                ; 13.590 ns       ; B[7]  ; S[13] ;
; N/A                                     ; None                                                ; 13.585 ns       ; A[8]  ; S[14] ;
; N/A                                     ; None                                                ; 13.562 ns       ; B[0]  ; S[12] ;
; N/A                                     ; None                                                ; 13.557 ns       ; A[8]  ; Cout  ;
; N/A                                     ; None                                                ; 13.556 ns       ; A[5]  ; S[12] ;
; N/A                                     ; None                                                ; 13.541 ns       ; A[0]  ; S[15] ;
; N/A                                     ; None                                                ; 13.539 ns       ; B[1]  ; S[12] ;
; N/A                                     ; None                                                ; 13.496 ns       ; A[6]  ; S[15] ;
; N/A                                     ; None                                                ; 13.487 ns       ; B[2]  ; S[12] ;
; N/A                                     ; None                                                ; 13.480 ns       ; A[8]  ; S[11] ;
; N/A                                     ; None                                                ; 13.390 ns       ; A[7]  ; S[14] ;
; N/A                                     ; None                                                ; 13.383 ns       ; A[8]  ; S[13] ;
; N/A                                     ; None                                                ; 13.362 ns       ; A[7]  ; Cout  ;
; N/A                                     ; None                                                ; 13.300 ns       ; B[6]  ; S[15] ;
; N/A                                     ; None                                                ; 13.285 ns       ; A[7]  ; S[11] ;
; N/A                                     ; None                                                ; 13.279 ns       ; B[4]  ; S[15] ;
; N/A                                     ; None                                                ; 13.238 ns       ; B[9]  ; S[14] ;
; N/A                                     ; None                                                ; 13.228 ns       ; B[7]  ; S[10] ;
; N/A                                     ; None                                                ; 13.218 ns       ; B[5]  ; S[15] ;
; N/A                                     ; None                                                ; 13.215 ns       ; B[3]  ; S[15] ;
; N/A                                     ; None                                                ; 13.210 ns       ; B[9]  ; Cout  ;
; N/A                                     ; None                                                ; 13.188 ns       ; A[7]  ; S[13] ;
; N/A                                     ; None                                                ; 13.180 ns       ; B[8]  ; S[14] ;
; N/A                                     ; None                                                ; 13.152 ns       ; B[8]  ; Cout  ;
; N/A                                     ; None                                                ; 13.133 ns       ; B[9]  ; S[11] ;
; N/A                                     ; None                                                ; 13.114 ns       ; A[0]  ; S[12] ;
; N/A                                     ; None                                                ; 13.075 ns       ; B[8]  ; S[11] ;
; N/A                                     ; None                                                ; 13.069 ns       ; A[6]  ; S[12] ;
; N/A                                     ; None                                                ; 13.038 ns       ; A[9]  ; S[14] ;
; N/A                                     ; None                                                ; 13.036 ns       ; B[9]  ; S[13] ;
; N/A                                     ; None                                                ; 13.021 ns       ; A[8]  ; S[10] ;
; N/A                                     ; None                                                ; 13.010 ns       ; A[9]  ; Cout  ;
; N/A                                     ; None                                                ; 12.978 ns       ; B[8]  ; S[13] ;
; N/A                                     ; None                                                ; 12.933 ns       ; A[9]  ; S[11] ;
; N/A                                     ; None                                                ; 12.888 ns       ; A[3]  ; S[15] ;
; N/A                                     ; None                                                ; 12.873 ns       ; B[6]  ; S[12] ;
; N/A                                     ; None                                                ; 12.852 ns       ; B[4]  ; S[12] ;
; N/A                                     ; None                                                ; 12.836 ns       ; A[9]  ; S[13] ;
; N/A                                     ; None                                                ; 12.826 ns       ; A[7]  ; S[10] ;
; N/A                                     ; None                                                ; 12.791 ns       ; B[5]  ; S[12] ;
; N/A                                     ; None                                                ; 12.788 ns       ; B[3]  ; S[12] ;
; N/A                                     ; None                                                ; 12.674 ns       ; B[9]  ; S[10] ;
; N/A                                     ; None                                                ; 12.616 ns       ; B[8]  ; S[10] ;
; N/A                                     ; None                                                ; 12.483 ns       ; B[7]  ; S[15] ;
; N/A                                     ; None                                                ; 12.474 ns       ; A[9]  ; S[10] ;
; N/A                                     ; None                                                ; 12.461 ns       ; A[3]  ; S[12] ;
; N/A                                     ; None                                                ; 12.276 ns       ; A[8]  ; S[15] ;
; N/A                                     ; None                                                ; 12.081 ns       ; A[7]  ; S[15] ;
; N/A                                     ; None                                                ; 12.056 ns       ; B[7]  ; S[12] ;
; N/A                                     ; None                                                ; 11.929 ns       ; B[9]  ; S[15] ;
; N/A                                     ; None                                                ; 11.871 ns       ; B[8]  ; S[15] ;
; N/A                                     ; None                                                ; 11.849 ns       ; A[8]  ; S[12] ;
; N/A                                     ; None                                                ; 11.755 ns       ; A[2]  ; S[8]  ;
; N/A                                     ; None                                                ; 11.729 ns       ; A[9]  ; S[15] ;
; N/A                                     ; None                                                ; 11.729 ns       ; A[1]  ; S[8]  ;
; N/A                                     ; None                                                ; 11.654 ns       ; A[7]  ; S[12] ;
; N/A                                     ; None                                                ; 11.605 ns       ; A[2]  ; S[9]  ;
; N/A                                     ; None                                                ; 11.579 ns       ; A[1]  ; S[9]  ;
; N/A                                     ; None                                                ; 11.508 ns       ; A[4]  ; S[8]  ;
; N/A                                     ; None                                                ; 11.502 ns       ; B[9]  ; S[12] ;
; N/A                                     ; None                                                ; 11.444 ns       ; B[8]  ; S[12] ;
; N/A                                     ; None                                                ; 11.426 ns       ; Cin   ; S[8]  ;
; N/A                                     ; None                                                ; 11.358 ns       ; A[4]  ; S[9]  ;
; N/A                                     ; None                                                ; 11.344 ns       ; B[12] ; S[14] ;
; N/A                                     ; None                                                ; 11.316 ns       ; B[12] ; Cout  ;
; N/A                                     ; None                                                ; 11.302 ns       ; A[9]  ; S[12] ;
; N/A                                     ; None                                                ; 11.289 ns       ; B[0]  ; S[8]  ;
; N/A                                     ; None                                                ; 11.283 ns       ; A[5]  ; S[8]  ;
; N/A                                     ; None                                                ; 11.276 ns       ; Cin   ; S[9]  ;
; N/A                                     ; None                                                ; 11.266 ns       ; B[1]  ; S[8]  ;
; N/A                                     ; None                                                ; 11.214 ns       ; B[2]  ; S[8]  ;
; N/A                                     ; None                                                ; 11.142 ns       ; B[12] ; S[13] ;
; N/A                                     ; None                                                ; 11.139 ns       ; B[0]  ; S[9]  ;
; N/A                                     ; None                                                ; 11.133 ns       ; A[5]  ; S[9]  ;
; N/A                                     ; None                                                ; 11.116 ns       ; B[1]  ; S[9]  ;
; N/A                                     ; None                                                ; 11.109 ns       ; A[1]  ; S[1]  ;
; N/A                                     ; None                                                ; 11.064 ns       ; B[2]  ; S[9]  ;
; N/A                                     ; None                                                ; 11.039 ns       ; A[11] ; S[14] ;
; N/A                                     ; None                                                ; 11.011 ns       ; A[11] ; Cout  ;
; N/A                                     ; None                                                ; 10.973 ns       ; A[6]  ; S[8]  ;
; N/A                                     ; None                                                ; 10.841 ns       ; A[0]  ; S[8]  ;
; N/A                                     ; None                                                ; 10.836 ns       ; A[11] ; S[13] ;
; N/A                                     ; None                                                ; 10.823 ns       ; A[6]  ; S[9]  ;
; N/A                                     ; None                                                ; 10.810 ns       ; Cin   ; S[1]  ;
; N/A                                     ; None                                                ; 10.777 ns       ; B[6]  ; S[8]  ;
; N/A                                     ; None                                                ; 10.691 ns       ; A[0]  ; S[9]  ;
; N/A                                     ; None                                                ; 10.691 ns       ; B[1]  ; S[1]  ;
; N/A                                     ; None                                                ; 10.671 ns       ; B[0]  ; S[1]  ;
; N/A                                     ; None                                                ; 10.661 ns       ; A[2]  ; S[5]  ;
; N/A                                     ; None                                                ; 10.627 ns       ; B[6]  ; S[9]  ;
; N/A                                     ; None                                                ; 10.579 ns       ; B[4]  ; S[8]  ;
; N/A                                     ; None                                                ; 10.523 ns       ; A[10] ; S[14] ;
; N/A                                     ; None                                                ; 10.522 ns       ; A[1]  ; S[5]  ;
; N/A                                     ; None                                                ; 10.518 ns       ; B[5]  ; S[8]  ;
; N/A                                     ; None                                                ; 10.515 ns       ; B[3]  ; S[8]  ;
; N/A                                     ; None                                                ; 10.495 ns       ; A[10] ; Cout  ;
; N/A                                     ; None                                                ; 10.432 ns       ; A[10] ; S[11] ;
; N/A                                     ; None                                                ; 10.429 ns       ; B[4]  ; S[9]  ;
; N/A                                     ; None                                                ; 10.368 ns       ; B[5]  ; S[9]  ;
; N/A                                     ; None                                                ; 10.365 ns       ; B[3]  ; S[9]  ;
; N/A                                     ; None                                                ; 10.363 ns       ; B[7]  ; S[8]  ;
; N/A                                     ; None                                                ; 10.321 ns       ; A[10] ; S[13] ;
; N/A                                     ; None                                                ; 10.258 ns       ; A[12] ; S[14] ;
; N/A                                     ; None                                                ; 10.257 ns       ; A[15] ; Cout  ;
; N/A                                     ; None                                                ; 10.230 ns       ; A[12] ; Cout  ;
; N/A                                     ; None                                                ; 10.222 ns       ; A[0]  ; S[1]  ;
; N/A                                     ; None                                                ; 10.219 ns       ; Cin   ; S[5]  ;
; N/A                                     ; None                                                ; 10.213 ns       ; B[7]  ; S[9]  ;
; N/A                                     ; None                                                ; 10.206 ns       ; A[11] ; S[11] ;
; N/A                                     ; None                                                ; 10.188 ns       ; A[3]  ; S[8]  ;
; Timing analysis restricted to 200 rows. ; To change the limit use Settings (Assignments menu) ;                 ;       ;       ;
+-----------------------------------------+-----------------------------------------------------+-----------------+-------+-------+


+--------------------------+
; Timing Analyzer Messages ;
+--------------------------+
Info: *******************************************************************
Info: Running Quartus II Classic Timing Analyzer
    Info: Version 9.1 Build 350 03/24/2010 Service Pack 2 SJ Web Edition
    Info: Processing started: Thu Nov 07 16:43:52 2024
Info: Command: quartus_tan --read_settings_files=off --write_settings_files=off Adder16_AmarnathPatel -c Adder16_AmarnathPatel --timing_analysis_only
Info: Longest tpd from source pin "A[2]" to destination pin "S[14]" is 15.764 ns
    Info: 1: + IC(0.000 ns) + CELL(0.857 ns) = 0.857 ns; Loc. = PIN_C5; Fanout = 2; PIN Node = 'A[2]'
    Info: 2: + IC(5.287 ns) + CELL(0.053 ns) = 6.197 ns; Loc. = LCCOMB_X17_Y3_N8; Fanout = 3; COMB Node = 'FullAdder_AmarnathPatelVHDL:F3|SUM~0'
    Info: 3: + IC(0.275 ns) + CELL(0.378 ns) = 6.850 ns; Loc. = LCCOMB_X17_Y3_N26; Fanout = 4; COMB Node = 'FullAdder_AmarnathPatelVHDL:F5|SUM~0'
    Info: 4: + IC(1.116 ns) + CELL(0.357 ns) = 8.323 ns; Loc. = LCCOMB_X14_Y11_N28; Fanout = 5; COMB Node = 'FullAdder_AmarnathPatelVHDL:F9|SUM~0'
    Info: 5: + IC(2.520 ns) + CELL(0.154 ns) = 10.997 ns; Loc. = LCCOMB_X29_Y25_N6; Fanout = 3; COMB Node = 'FullAdder_AmarnathPatelVHDL:F13|SUM~0'
    Info: 6: + IC(0.265 ns) + CELL(0.228 ns) = 11.490 ns; Loc. = LCCOMB_X29_Y25_N28; Fanout = 1; COMB Node = 'FullAdder_AmarnathPatelVHDL:F14|COUT~0'
    Info: 7: + IC(2.292 ns) + CELL(1.982 ns) = 15.764 ns; Loc. = PIN_AB6; Fanout = 0; PIN Node = 'S[14]'
    Info: Total cell delay = 4.009 ns ( 25.43 % )
    Info: Total interconnect delay = 11.755 ns ( 74.57 % )
Info: Quartus II Classic Timing Analyzer was successful. 0 errors, 0 warnings
    Info: Peak virtual memory: 192 megabytes
    Info: Processing ended: Thu Nov 07 16:43:52 2024
    Info: Elapsed time: 00:00:00
    Info: Total CPU time (on all processors): 00:00:00


